<?xml version="1.0" encoding="UTF-8"?>
<!-- Generated by org.testng.reporters.JUnitReportReporter -->
<testsuite hostname="DESKTOP-CP11NF0" failures="0" tests="4" name="com.runner.TestRunner" time="103.447" errors="1" timestamp="2023-03-23T15:13:12 IST" skipped="0">
  <testcase classname="com.runner.TestRunner" name="runScenario" time="0.268">
    <error message="Cannot invoke &quot;org.openqa.selenium.SearchContext.findElement(org.openqa.selenium.By)&quot; because &quot;this.searchContext&quot; is null" type="java.lang.NullPointerException">
      <![CDATA[java.lang.NullPointerException: Cannot invoke "org.openqa.selenium.SearchContext.findElement(org.openqa.selenium.By)" because "this.searchContext" is null
at org.openqa.selenium.support.pagefactory.DefaultElementLocator.findElement(DefaultElementLocator.java:70)
at org.openqa.selenium.support.pagefactory.internal.LocatingElementHandler.invoke(LocatingElementHandler.java:39)
at jdk.proxy2/jdk.proxy2.$Proxy20.sendKeys(Unknown Source)
at com.step.StepDefinition.user_enters_the_details_and_and_and_and_and_and_and(StepDefinition.java:74)
at âœ½.User enters the details "Abidha" and "Saju" and "No.15,West Street ,Navalur,Chennai" and "1234567890098765" and "Other" and "June" and "2022" and "684"(file:///C:/Users/SAJU%20P%20L/Selenium-Automation/AdactinDemo/src/test/resources/features/bookHotel.feature:4)
]]>
    </error>
  </testcase> <!-- runScenario -->
  <system-out/>
  <testcase classname="com.runner.TestRunner" name="runScenario" time="56.443"/>
  <system-out/>
  <testcase classname="com.runner.TestRunner" name="runScenario" time="22.866"/>
  <system-out/>
  <testcase classname="com.runner.TestRunner" name="runScenario" time="23.870"/>
  <system-out/>
</testsuite> <!-- com.runner.TestRunner -->
